c:\users\dev\desktop\2021_computer-graphics\cgassignment1\cgassignment1\debug\vc142.pdb
c:\users\dev\desktop\2021_computer-graphics\cgassignment1\cgassignment1\debug\vc142.idb
c:\users\dev\desktop\2021_computer-graphics\cgassignment1\cgassignment1\debug\viewtree.obj
c:\users\dev\desktop\2021_computer-graphics\cgassignment1\cgassignment1\debug\propertieswnd.obj
c:\users\dev\desktop\2021_computer-graphics\cgassignment1\cgassignment1\debug\outputwnd.obj
c:\users\dev\desktop\2021_computer-graphics\cgassignment1\cgassignment1\debug\mainfrm.obj
c:\users\dev\desktop\2021_computer-graphics\cgassignment1\cgassignment1\debug\fileview.obj
c:\users\dev\desktop\2021_computer-graphics\cgassignment1\cgassignment1\debug\classview.obj
c:\users\dev\desktop\2021_computer-graphics\cgassignment1\cgassignment1\debug\cgassignment1view.obj
c:\users\dev\desktop\2021_computer-graphics\cgassignment1\cgassignment1\debug\cgassignment1doc.obj
c:\users\dev\desktop\2021_computer-graphics\cgassignment1\cgassignment1\debug\cgassignment1.obj
c:\users\dev\desktop\2021_computer-graphics\cgassignment1\cgassignment1\debug\cgassignment1.pch
c:\users\dev\desktop\2021_computer-graphics\cgassignment1\cgassignment1\debug\pch.obj
c:\users\dev\desktop\2021_computer-graphics\cgassignment1\cgassignment1\debug\b913038.obj
c:\users\dev\desktop\2021_computer-graphics\cgassignment1\debug\cgassignment1.exe
c:\users\dev\desktop\2021_computer-graphics\cgassignment1\debug\cgassignment1.ilk
c:\users\dev\desktop\2021_computer-graphics\cgassignment1\debug\cgassignment1.pdb
c:\users\dev\desktop\2021_computer-graphics\cgassignment1\cgassignment1\debug\cgassignment1.res
c:\users\dev\desktop\2021_computer-graphics\cgassignment1\cgassignment1\debug\cgassignment1.tlog\cl.command.1.tlog
c:\users\dev\desktop\2021_computer-graphics\cgassignment1\cgassignment1\debug\cgassignment1.tlog\cl.read.1.tlog
c:\users\dev\desktop\2021_computer-graphics\cgassignment1\cgassignment1\debug\cgassignment1.tlog\cl.write.1.tlog
c:\users\dev\desktop\2021_computer-graphics\cgassignment1\cgassignment1\debug\cgassignment1.tlog\link.command.1.tlog
c:\users\dev\desktop\2021_computer-graphics\cgassignment1\cgassignment1\debug\cgassignment1.tlog\link.read.1.tlog
c:\users\dev\desktop\2021_computer-graphics\cgassignment1\cgassignment1\debug\cgassignment1.tlog\link.write.1.tlog
c:\users\dev\desktop\2021_computer-graphics\cgassignment1\cgassignment1\debug\cgassignment1.tlog\rc.command.1.tlog
c:\users\dev\desktop\2021_computer-graphics\cgassignment1\cgassignment1\debug\cgassignment1.tlog\rc.read.1.tlog
c:\users\dev\desktop\2021_computer-graphics\cgassignment1\cgassignment1\debug\cgassignment1.tlog\rc.write.1.tlog
